# JRE version: Java(TM) SE Runtime Environment (8.0_101-b13) (build 1.8.0_101-b13)
# Java VM: Java HotSpot(TM) 64-Bit Server VM (25.101-b13 mixed mode linux-amd64 compressed oops)
Heap:
 PSYoungGen      total 195584K, used 21489K [0x00000000e0000000, 0x00000000edd80000, 0x0000000100000000)
  eden space 174080K, 0% used [0x00000000e0000000,0x00000000e0000000,0x00000000eaa00000)
  from space 21504K, 99% used [0x00000000eaa00000,0x00000000ebefc618,0x00000000ebf00000)
  to   space 15872K, 0% used [0x00000000ebf00000,0x00000000ebf00000,0x00000000ece80000)
 ParOldGen       total 92160K, used 30355K [0x00000000a0000000, 0x00000000a5a00000, 0x00000000e0000000)
  object space 92160K, 32% used [0x00000000a0000000,0x00000000a1da4db0,0x00000000a5a00000)
 Metaspace       used 56750K, capacity 58918K, committed 59008K, reserved 1099776K
  class space    used 7767K, capacity 8234K, committed 8320K, reserved 1048576K
GC Heap History (10 events):
Event: 7,891 GC heap after
Heap after GC invocations=8 (full 1):
 PSYoungGen      total 104960K, used 9326K [0x00000000e0000000, 0x00000000ea000000, 0x0000000100000000)
  eden space 92672K, 0% used [0x00000000e0000000,0x00000000e0000000,0x00000000e5a80000)
  from space 12288K, 75% used [0x00000000e5a80000,0x00000000e639ba30,0x00000000e6680000)
  to   space 12800K, 0% used [0x00000000e9380000,0x00000000e9380000,0x00000000ea000000)
 ParOldGen       total 60928K, used 12929K [0x00000000a0000000, 0x00000000a3b80000, 0x00000000e0000000)
  object space 60928K, 21% used [0x00000000a0000000,0x00000000a0ca0520,0x00000000a3b80000)
 Metaspace       used 34682K, capacity 35400K, committed 35416K, reserved 1079296K
  class space    used 4666K, capacity 4854K, committed 4864K, reserved 1048576K
}
Event: 7,891 GC heap before
{Heap before GC invocations=9 (full 2):
 PSYoungGen      total 104960K, used 9326K [0x00000000e0000000, 0x00000000ea000000, 0x0000000100000000)
  eden space 92672K, 0% used [0x00000000e0000000,0x00000000e0000000,0x00000000e5a80000)
  from space 12288K, 75% used [0x00000000e5a80000,0x00000000e639ba30,0x00000000e6680000)
  to   space 12800K, 0% used [0x00000000e9380000,0x00000000e9380000,0x00000000ea000000)
 ParOldGen       total 60928K, used 12929K [0x00000000a0000000, 0x00000000a3b80000, 0x00000000e0000000)
  object space 60928K, 21% used [0x00000000a0000000,0x00000000a0ca0520,0x00000000a3b80000)
 Metaspace       used 34682K, capacity 35400K, committed 35416K, reserved 1079296K
  class space    used 4666K, capacity 4854K, committed 4864K, reserved 1048576K
Event: 7,994 GC heap after
Heap after GC invocations=9 (full 2):
 PSYoungGen      total 104960K, used 0K [0x00000000e0000000, 0x00000000ea000000, 0x0000000100000000)
  eden space 92672K, 0% used [0x00000000e0000000,0x00000000e0000000,0x00000000e5a80000)
  from space 12288K, 0% used [0x00000000e5a80000,0x00000000e5a80000,0x00000000e6680000)
  to   space 12800K, 0% used [0x00000000e9380000,0x00000000e9380000,0x00000000ea000000)
 ParOldGen       total 92160K, used 15564K [0x00000000a0000000, 0x00000000a5a00000, 0x00000000e0000000)
  object space 92160K, 16% used [0x00000000a0000000,0x00000000a0f33118,0x00000000a5a00000)
 Metaspace       used 34610K, capacity 35258K, committed 35416K, reserved 1079296K
  class space    used 4644K, capacity 4828K, committed 4864K, reserved 1048576K
}
Event: 9,275 GC heap before
{Heap before GC invocations=10 (full 2):
 PSYoungGen      total 104960K, used 92672K [0x00000000e0000000, 0x00000000ea000000, 0x0000000100000000)
  eden space 92672K, 100% used [0x00000000e0000000,0x00000000e5a80000,0x00000000e5a80000)
  from space 12288K, 0% used [0x00000000e5a80000,0x00000000e5a80000,0x00000000e6680000)
  to   space 12800K, 0% used [0x00000000e9380000,0x00000000e9380000,0x00000000ea000000)
 ParOldGen       total 92160K, used 15564K [0x00000000a0000000, 0x00000000a5a00000, 0x00000000e0000000)
  object space 92160K, 16% used [0x00000000a0000000,0x00000000a0f33118,0x00000000a5a00000)
 Metaspace       used 41284K, capacity 42136K, committed 42368K, reserved 1085440K
  class space    used 5500K, capacity 5723K, committed 5760K, reserved 1048576K
Event: 9,328 GC heap after
Heap after GC invocations=10 (full 2):
 PSYoungGen      total 150528K, used 10471K [0x00000000e0000000, 0x00000000ea400000, 0x0000000100000000)
  eden space 137728K, 0% used [0x00000000e0000000,0x00000000e0000000,0x00000000e8680000)
  from space 12800K, 81% used [0x00000000e9380000,0x00000000e9db9c00,0x00000000ea000000)
  to   space 13312K, 0% used [0x00000000e8680000,0x00000000e8680000,0x00000000e9380000)
 ParOldGen       total 92160K, used 15572K [0x00000000a0000000, 0x00000000a5a00000, 0x00000000e0000000)
  object space 92160K, 16% used [0x00000000a0000000,0x00000000a0f35118,0x00000000a5a00000)
 Metaspace       used 41284K, capacity 42136K, committed 42368K, reserved 1085440K
  class space    used 5500K, capacity 5723K, committed 5760K, reserved 1048576K
}
Event: 11,629 GC heap before
{Heap before GC invocations=11 (full 2):
 PSYoungGen      total 150528K, used 148199K [0x00000000e0000000, 0x00000000ea400000, 0x0000000100000000)
  eden space 137728K, 100% used [0x00000000e0000000,0x00000000e8680000,0x00000000e8680000)
  from space 12800K, 81% used [0x00000000e9380000,0x00000000e9db9c00,0x00000000ea000000)
  to   space 13312K, 0% used [0x00000000e8680000,0x00000000e8680000,0x00000000e9380000)
 ParOldGen       total 92160K, used 15572K [0x00000000a0000000, 0x00000000a5a00000, 0x00000000e0000000)
  object space 92160K, 16% used [0x00000000a0000000,0x00000000a0f35118,0x00000000a5a00000)
 Metaspace       used 48801K, capacity 50084K, committed 50176K, reserved 1093632K
  class space    used 6535K, capacity 6846K, committed 6912K, reserved 1048576K
Event: 11,668 GC heap after
Heap after GC invocations=11 (full 2):
 PSYoungGen      total 151040K, used 13282K [0x00000000e0000000, 0x00000000ece80000, 0x0000000100000000)
  eden space 137728K, 0% used [0x00000000e0000000,0x00000000e0000000,0x00000000e8680000)
  from space 13312K, 99% used [0x00000000e8680000,0x00000000e9378998,0x00000000e9380000)
  to   space 15872K, 0% used [0x00000000ebf00000,0x00000000ebf00000,0x00000000ece80000)
 ParOldGen       total 92160K, used 17977K [0x00000000a0000000, 0x00000000a5a00000, 0x00000000e0000000)
  object space 92160K, 19% used [0x00000000a0000000,0x00000000a118e490,0x00000000a5a00000)
 Metaspace       used 48801K, capacity 50084K, committed 50176K, reserved 1093632K
  class space    used 6535K, capacity 6846K, committed 6912K, reserved 1048576K
}
Event: 13,835 GC heap before
{Heap before GC invocations=12 (full 2):
 PSYoungGen      total 151040K, used 151010K [0x00000000e0000000, 0x00000000ece80000, 0x0000000100000000)
  eden space 137728K, 100% used [0x00000000e0000000,0x00000000e8680000,0x00000000e8680000)
  from space 13312K, 99% used [0x00000000e8680000,0x00000000e9378998,0x00000000e9380000)
  to   space 15872K, 0% used [0x00000000ebf00000,0x00000000ebf00000,0x00000000ece80000)
 ParOldGen       total 92160K, used 17977K [0x00000000a0000000, 0x00000000a5a00000, 0x00000000e0000000)
  object space 92160K, 19% used [0x00000000a0000000,0x00000000a118e490,0x00000000a5a00000)
 Metaspace       used 53505K, capacity 55080K, committed 55296K, reserved 1097728K
  class space    used 7322K, capacity 7640K, committed 7680K, reserved 1048576K
Event: 13,954 GC heap after
Heap after GC invocations=12 (full 2):
 PSYoungGen      total 189952K, used 15857K [0x00000000e0000000, 0x00000000edd80000, 0x0000000100000000)
  eden space 174080K, 0% used [0x00000000e0000000,0x00000000e0000000,0x00000000eaa00000)
  from space 15872K, 99% used [0x00000000ebf00000,0x00000000ece7c700,0x00000000ece80000)
  to   space 21504K, 0% used [0x00000000eaa00000,0x00000000eaa00000,0x00000000ebf00000)
 ParOldGen       total 92160K, used 28159K [0x00000000a0000000, 0x00000000a5a00000, 0x00000000e0000000)
  object space 92160K, 30% used [0x00000000a0000000,0x00000000a1b7ffc8,0x00000000a5a00000)
 Metaspace       used 53505K, capacity 55080K, committed 55296K, reserved 1097728K
  class space    used 7322K, capacity 7640K, committed 7680K, reserved 1048576K
}
Event: 17,341 GC heap before
{Heap before GC invocations=13 (full 2):
 PSYoungGen      total 189952K, used 66233K [0x00000000e0000000, 0x00000000edd80000, 0x0000000100000000)
  eden space 174080K, 28% used [0x00000000e0000000,0x00000000e3131e90,0x00000000eaa00000)
  from space 15872K, 99% used [0x00000000ebf00000,0x00000000ece7c700,0x00000000ece80000)
  to   space 21504K, 0% used [0x00000000eaa00000,0x00000000eaa00000,0x00000000ebf00000)
 ParOldGen       total 92160K, used 28159K [0x00000000a0000000, 0x00000000a5a00000, 0x00000000e0000000)
  object space 92160K, 30% used [0x00000000a0000000,0x00000000a1b7ffc8,0x00000000a5a00000)
 Metaspace       used 56750K, capacity 58918K, committed 59008K, reserved 1099776K
  class space    used 7767K, capacity 8234K, committed 8320K, reserved 1048576K

