# JRE version: Java(TM) SE Runtime Environment (8.0_101-b13) (build 1.8.0_101-b13)
# Java VM: Java HotSpot(TM) 64-Bit Server VM (25.101-b13 mixed mode linux-amd64 compressed oops)
Heap:
 PSYoungGen      total 351232K, used 0K [0x00000000e0000000, 0x00000000ff880000, 0x0000000100000000)
  eden space 187904K, 0% used [0x00000000e0000000,0x00000000e0000000,0x00000000eb780000)
  from space 163328K, 0% used [0x00000000eb780000,0x00000000eb780000,0x00000000f5700000)
  to   space 157696K, 0% used [0x00000000f5e80000,0x00000000f5e80000,0x00000000ff880000)
 ParOldGen       total 513536K, used 489218K [0x00000000a0000000, 0x00000000bf580000, 0x00000000e0000000)
  object space 513536K, 95% used [0x00000000a0000000,0x00000000bddc08b0,0x00000000bf580000)
 Metaspace       used 124632K, capacity 132046K, committed 134420K, reserved 1167360K
  class space    used 15688K, capacity 16958K, committed 17428K, reserved 1048576K
GC Heap History (10 events):
Event: 3135,774 GC heap after
Heap after GC invocations=38 (full 5):
 PSYoungGen      total 349696K, used 98407K [0x00000000e0000000, 0x0000000100000000, 0x0000000100000000)
  eden space 175104K, 0% used [0x00000000e0000000,0x00000000e0000000,0x00000000eab00000)
  from space 174592K, 56% used [0x00000000eab00000,0x00000000f0b19d30,0x00000000f5580000)
  to   space 174592K, 0% used [0x00000000f5580000,0x00000000f5580000,0x0000000100000000)
 ParOldGen       total 513536K, used 325341K [0x00000000a0000000, 0x00000000bf580000, 0x00000000e0000000)
  object space 513536K, 63% used [0x00000000a0000000,0x00000000b3db7530,0x00000000bf580000)
 Metaspace       used 122860K, capacity 130062K, committed 132756K, reserved 1165312K
  class space    used 15490K, capacity 16738K, committed 17300K, reserved 1048576K
}
Event: 3136,482 GC heap before
{Heap before GC invocations=39 (full 5):
 PSYoungGen      total 349696K, used 273511K [0x00000000e0000000, 0x0000000100000000, 0x0000000100000000)
  eden space 175104K, 100% used [0x00000000e0000000,0x00000000eab00000,0x00000000eab00000)
  from space 174592K, 56% used [0x00000000eab00000,0x00000000f0b19d30,0x00000000f5580000)
  to   space 174592K, 0% used [0x00000000f5580000,0x00000000f5580000,0x0000000100000000)
 ParOldGen       total 513536K, used 325341K [0x00000000a0000000, 0x00000000bf580000, 0x00000000e0000000)
  object space 513536K, 63% used [0x00000000a0000000,0x00000000b3db7530,0x00000000bf580000)
 Metaspace       used 122861K, capacity 130062K, committed 132756K, reserved 1165312K
  class space    used 15490K, capacity 16738K, committed 17300K, reserved 1048576K
Event: 3136,580 GC heap after
Heap after GC invocations=39 (full 5):
 PSYoungGen      total 334336K, used 67750K [0x00000000e0000000, 0x00000000ff100000, 0x0000000100000000)
  eden space 175104K, 0% used [0x00000000e0000000,0x00000000e0000000,0x00000000eab00000)
  from space 159232K, 42% used [0x00000000f5580000,0x00000000f97a9830,0x00000000ff100000)
  to   space 166912K, 0% used [0x00000000eab00000,0x00000000eab00000,0x00000000f4e00000)
 ParOldGen       total 513536K, used 370950K [0x00000000a0000000, 0x00000000bf580000, 0x00000000e0000000)
  object space 513536K, 72% used [0x00000000a0000000,0x00000000b6a41900,0x00000000bf580000)
 Metaspace       used 122861K, capacity 130062K, committed 132756K, reserved 1165312K
  class space    used 15490K, capacity 16738K, committed 17300K, reserved 1048576K
}
Event: 3197,687 GC heap before
{Heap before GC invocations=40 (full 5):
 PSYoungGen      total 334336K, used 242854K [0x00000000e0000000, 0x00000000ff100000, 0x0000000100000000)
  eden space 175104K, 100% used [0x00000000e0000000,0x00000000eab00000,0x00000000eab00000)
  from space 159232K, 42% used [0x00000000f5580000,0x00000000f97a9830,0x00000000ff100000)
  to   space 166912K, 0% used [0x00000000eab00000,0x00000000eab00000,0x00000000f4e00000)
 ParOldGen       total 513536K, used 370950K [0x00000000a0000000, 0x00000000bf580000, 0x00000000e0000000)
  object space 513536K, 72% used [0x00000000a0000000,0x00000000b6a41900,0x00000000bf580000)
 Metaspace       used 123047K, capacity 130386K, committed 133012K, reserved 1165312K
  class space    used 15501K, capacity 16752K, committed 17300K, reserved 1048576K
Event: 3197,797 GC heap after
Heap after GC invocations=40 (full 5):
 PSYoungGen      total 342016K, used 10650K [0x00000000e0000000, 0x0000000100000000, 0x0000000100000000)
  eden space 175104K, 0% used [0x00000000e0000000,0x00000000e0000000,0x00000000eab00000)
  from space 166912K, 6% used [0x00000000eab00000,0x00000000eb5668f0,0x00000000f4e00000)
  to   space 169472K, 0% used [0x00000000f5a80000,0x00000000f5a80000,0x0000000100000000)
 ParOldGen       total 513536K, used 421713K [0x00000000a0000000, 0x00000000bf580000, 0x00000000e0000000)
  object space 513536K, 82% used [0x00000000a0000000,0x00000000b9bd4770,0x00000000bf580000)
 Metaspace       used 123047K, capacity 130386K, committed 133012K, reserved 1165312K
  class space    used 15501K, capacity 16752K, committed 17300K, reserved 1048576K
}
Event: 3199,627 GC heap before
{Heap before GC invocations=41 (full 5):
 PSYoungGen      total 342016K, used 185754K [0x00000000e0000000, 0x0000000100000000, 0x0000000100000000)
  eden space 175104K, 100% used [0x00000000e0000000,0x00000000eab00000,0x00000000eab00000)
  from space 166912K, 6% used [0x00000000eab00000,0x00000000eb5668f0,0x00000000f4e00000)
  to   space 169472K, 0% used [0x00000000f5a80000,0x00000000f5a80000,0x0000000100000000)
 ParOldGen       total 513536K, used 421713K [0x00000000a0000000, 0x00000000bf580000, 0x00000000e0000000)
  object space 513536K, 82% used [0x00000000a0000000,0x00000000b9bd4770,0x00000000bf580000)
 Metaspace       used 124585K, capacity 131964K, committed 134420K, reserved 1167360K
  class space    used 15687K, capacity 16955K, committed 17428K, reserved 1048576K
Event: 3199,709 GC heap after
Heap after GC invocations=41 (full 5):
 PSYoungGen      total 347648K, used 48280K [0x00000000e0000000, 0x00000000ff680000, 0x0000000100000000)
  eden space 187904K, 0% used [0x00000000e0000000,0x00000000e0000000,0x00000000eb780000)
  from space 159744K, 30% used [0x00000000f5a80000,0x00000000f89a62d8,0x00000000ff680000)
  to   space 163328K, 0% used [0x00000000eb780000,0x00000000eb780000,0x00000000f5700000)
 ParOldGen       total 513536K, used 431922K [0x00000000a0000000, 0x00000000bf580000, 0x00000000e0000000)
  object space 513536K, 84% used [0x00000000a0000000,0x00000000ba5cc880,0x00000000bf580000)
 Metaspace       used 124585K, capacity 131964K, committed 134420K, reserved 1167360K
  class space    used 15687K, capacity 16955K, committed 17428K, reserved 1048576K
}
Event: 3200,855 GC heap before
{Heap before GC invocations=42 (full 5):
 PSYoungGen      total 347648K, used 236184K [0x00000000e0000000, 0x00000000ff680000, 0x0000000100000000)
  eden space 187904K, 100% used [0x00000000e0000000,0x00000000eb780000,0x00000000eb780000)
  from space 159744K, 30% used [0x00000000f5a80000,0x00000000f89a62d8,0x00000000ff680000)
  to   space 163328K, 0% used [0x00000000eb780000,0x00000000eb780000,0x00000000f5700000)
 ParOldGen       total 513536K, used 431922K [0x00000000a0000000, 0x00000000bf580000, 0x00000000e0000000)
  object space 513536K, 84% used [0x00000000a0000000,0x00000000ba5cc880,0x00000000bf580000)
 Metaspace       used 124632K, capacity 132046K, committed 134420K, reserved 1167360K
  class space    used 15688K, capacity 16958K, committed 17428K, reserved 1048576K
Event: 3200,981 GC heap after
Heap after GC invocations=42 (full 5):
 PSYoungGen      total 351232K, used 44839K [0x00000000e0000000, 0x00000000ff880000, 0x0000000100000000)
  eden space 187904K, 0% used [0x00000000e0000000,0x00000000e0000000,0x00000000eb780000)
  from space 163328K, 27% used [0x00000000eb780000,0x00000000ee349c70,0x00000000f5700000)
  to   space 157696K, 0% used [0x00000000f5e80000,0x00000000f5e80000,0x00000000ff880000)
 ParOldGen       total 513536K, used 475598K [0x00000000a0000000, 0x00000000bf580000, 0x00000000e0000000)
  object space 513536K, 92% used [0x00000000a0000000,0x00000000bd073b70,0x00000000bf580000)
 Metaspace       used 124632K, capacity 132046K, committed 134420K, reserved 1167360K
  class space    used 15688K, capacity 16958K, committed 17428K, reserved 1048576K
}
Event: 3200,982 GC heap before
{Heap before GC invocations=43 (full 6):
 PSYoungGen      total 351232K, used 44839K [0x00000000e0000000, 0x00000000ff880000, 0x0000000100000000)
  eden space 187904K, 0% used [0x00000000e0000000,0x00000000e0000000,0x00000000eb780000)
  from space 163328K, 27% used [0x00000000eb780000,0x00000000ee349c70,0x00000000f5700000)
  to   space 157696K, 0% used [0x00000000f5e80000,0x00000000f5e80000,0x00000000ff880000)
 ParOldGen       total 513536K, used 475598K [0x00000000a0000000, 0x00000000bf580000, 0x00000000e0000000)
  object space 513536K, 92% used [0x00000000a0000000,0x00000000bd073b70,0x00000000bf580000)
 Metaspace       used 124632K, capacity 132046K, committed 134420K, reserved 1167360K
  class space    used 15688K, capacity 16958K, committed 17428K, reserved 1048576K

