# JRE version: Java(TM) SE Runtime Environment (8.0_101-b13) (build 1.8.0_101-b13)
# Java VM: Java HotSpot(TM) 64-Bit Server VM (25.101-b13 mixed mode linux-amd64 compressed oops)
Heap:
 PSYoungGen      total 384512K, used 0K [0x00000000e0000000, 0x00000000ffe80000, 0x0000000100000000)
  eden space 242176K, 0% used [0x00000000e0000000,0x00000000e0000000,0x00000000eec80000)
  from space 142336K, 0% used [0x00000000f7380000,0x00000000f7380000,0x00000000ffe80000)
  to   space 138240K, 0% used [0x00000000eec80000,0x00000000eec80000,0x00000000f7380000)
 ParOldGen       total 474112K, used 460411K [0x00000000a0000000, 0x00000000bcf00000, 0x00000000e0000000)
  object space 474112K, 97% used [0x00000000a0000000,0x00000000bc19efe0,0x00000000bcf00000)
 Metaspace       used 83096K, capacity 87778K, committed 89344K, reserved 1126400K
  class space    used 10573K, capacity 11456K, committed 11776K, reserved 1048576K
GC Heap History (10 events):
Event: 7195,740 GC heap after
Heap after GC invocations=39 (full 5):
 PSYoungGen      total 376832K, used 9443K [0x00000000e0000000, 0x00000000ffd00000, 0x0000000100000000)
  eden space 232448K, 0% used [0x00000000e0000000,0x00000000e0000000,0x00000000ee300000)
  from space 144384K, 6% used [0x00000000f7000000,0x00000000f7938c78,0x00000000ffd00000)
  to   space 144384K, 0% used [0x00000000ee300000,0x00000000ee300000,0x00000000f7000000)
 ParOldGen       total 474112K, used 371841K [0x00000000a0000000, 0x00000000bcf00000, 0x00000000e0000000)
  object space 474112K, 78% used [0x00000000a0000000,0x00000000b6b20470,0x00000000bcf00000)
 Metaspace       used 79937K, capacity 84386K, committed 86144K, reserved 1124352K
  class space    used 10169K, capacity 11042K, committed 11392K, reserved 1048576K
}
Event: 9273,769 GC heap before
{Heap before GC invocations=40 (full 5):
 PSYoungGen      total 376832K, used 241891K [0x00000000e0000000, 0x00000000ffd00000, 0x0000000100000000)
  eden space 232448K, 100% used [0x00000000e0000000,0x00000000ee300000,0x00000000ee300000)
  from space 144384K, 6% used [0x00000000f7000000,0x00000000f7938c78,0x00000000ffd00000)
  to   space 144384K, 0% used [0x00000000ee300000,0x00000000ee300000,0x00000000f7000000)
 ParOldGen       total 474112K, used 371841K [0x00000000a0000000, 0x00000000bcf00000, 0x00000000e0000000)
  object space 474112K, 78% used [0x00000000a0000000,0x00000000b6b20470,0x00000000bcf00000)
 Metaspace       used 80721K, capacity 85284K, committed 86784K, reserved 1124352K
  class space    used 10288K, capacity 11169K, committed 11520K, reserved 1048576K
Event: 9273,812 GC heap after
Heap after GC invocations=40 (full 5):
 PSYoungGen      total 376832K, used 8966K [0x00000000e0000000, 0x00000000ffb00000, 0x0000000100000000)
  eden space 232448K, 0% used [0x00000000e0000000,0x00000000e0000000,0x00000000ee300000)
  from space 144384K, 6% used [0x00000000ee300000,0x00000000eebc1aa0,0x00000000f7000000)
  to   space 141824K, 0% used [0x00000000f7080000,0x00000000f7080000,0x00000000ffb00000)
 ParOldGen       total 474112K, used 377349K [0x00000000a0000000, 0x00000000bcf00000, 0x00000000e0000000)
  object space 474112K, 79% used [0x00000000a0000000,0x00000000b70814e0,0x00000000bcf00000)
 Metaspace       used 80721K, capacity 85284K, committed 86784K, reserved 1124352K
  class space    used 10288K, capacity 11169K, committed 11520K, reserved 1048576K
}
Event: 9295,684 GC heap before
{Heap before GC invocations=41 (full 5):
 PSYoungGen      total 376832K, used 241414K [0x00000000e0000000, 0x00000000ffb00000, 0x0000000100000000)
  eden space 232448K, 100% used [0x00000000e0000000,0x00000000ee300000,0x00000000ee300000)
  from space 144384K, 6% used [0x00000000ee300000,0x00000000eebc1aa0,0x00000000f7000000)
  to   space 141824K, 0% used [0x00000000f7080000,0x00000000f7080000,0x00000000ffb00000)
 ParOldGen       total 474112K, used 377349K [0x00000000a0000000, 0x00000000bcf00000, 0x00000000e0000000)
  object space 474112K, 79% used [0x00000000a0000000,0x00000000b70814e0,0x00000000bcf00000)
 Metaspace       used 83328K, capacity 88280K, committed 89344K, reserved 1126400K
  class space    used 10626K, capacity 11549K, committed 11776K, reserved 1048576K
Event: 9295,783 GC heap after
Heap after GC invocations=41 (full 5):
 PSYoungGen      total 367104K, used 50812K [0x00000000e0000000, 0x00000000fee80000, 0x0000000100000000)
  eden space 238080K, 0% used [0x00000000e0000000,0x00000000e0000000,0x00000000ee880000)
  from space 129024K, 39% used [0x00000000f7080000,0x00000000fa21f238,0x00000000fee80000)
  to   space 134144K, 0% used [0x00000000ee880000,0x00000000ee880000,0x00000000f6b80000)
 ParOldGen       total 474112K, used 384671K [0x00000000a0000000, 0x00000000bcf00000, 0x00000000e0000000)
  object space 474112K, 81% used [0x00000000a0000000,0x00000000b77a7e10,0x00000000bcf00000)
 Metaspace       used 83328K, capacity 88280K, committed 89344K, reserved 1126400K
  class space    used 10626K, capacity 11549K, committed 11776K, reserved 1048576K
}
Event: 9297,816 GC heap before
{Heap before GC invocations=42 (full 5):
 PSYoungGen      total 367104K, used 288892K [0x00000000e0000000, 0x00000000fee80000, 0x0000000100000000)
  eden space 238080K, 100% used [0x00000000e0000000,0x00000000ee880000,0x00000000ee880000)
  from space 129024K, 39% used [0x00000000f7080000,0x00000000fa21f238,0x00000000fee80000)
  to   space 134144K, 0% used [0x00000000ee880000,0x00000000ee880000,0x00000000f6b80000)
 ParOldGen       total 474112K, used 384671K [0x00000000a0000000, 0x00000000bcf00000, 0x00000000e0000000)
  object space 474112K, 81% used [0x00000000a0000000,0x00000000b77a7e10,0x00000000bcf00000)
 Metaspace       used 83378K, capacity 88322K, committed 89344K, reserved 1126400K
  class space    used 10630K, capacity 11556K, committed 11776K, reserved 1048576K
Event: 9297,971 GC heap after
Heap after GC invocations=42 (full 5):
 PSYoungGen      total 372224K, used 95834K [0x00000000e0000000, 0x0000000100000000, 0x0000000100000000)
  eden space 238080K, 0% used [0x00000000e0000000,0x00000000e0000000,0x00000000ee880000)
  from space 134144K, 71% used [0x00000000ee880000,0x00000000f4616a50,0x00000000f6b80000)
  to   space 143872K, 0% used [0x00000000f7380000,0x00000000f7380000,0x0000000100000000)
 ParOldGen       total 474112K, used 384679K [0x00000000a0000000, 0x00000000bcf00000, 0x00000000e0000000)
  object space 474112K, 81% used [0x00000000a0000000,0x00000000b77a9e10,0x00000000bcf00000)
 Metaspace       used 83378K, capacity 88322K, committed 89344K, reserved 1126400K
  class space    used 10630K, capacity 11556K, committed 11776K, reserved 1048576K
}
Event: 9337,168 GC heap before
{Heap before GC invocations=43 (full 5):
 PSYoungGen      total 372224K, used 333579K [0x00000000e0000000, 0x0000000100000000, 0x0000000100000000)
  eden space 238080K, 99% used [0x00000000e0000000,0x00000000ee82c438,0x00000000ee880000)
  from space 134144K, 71% used [0x00000000ee880000,0x00000000f4616a50,0x00000000f6b80000)
  to   space 143872K, 0% used [0x00000000f7380000,0x00000000f7380000,0x0000000100000000)
 ParOldGen       total 474112K, used 384679K [0x00000000a0000000, 0x00000000bcf00000, 0x00000000e0000000)
  object space 474112K, 81% used [0x00000000a0000000,0x00000000b77a9e10,0x00000000bcf00000)
 Metaspace       used 83408K, capacity 88344K, committed 89344K, reserved 1126400K
  class space    used 10632K, capacity 11559K, committed 11776K, reserved 1048576K
Event: 9337,315 GC heap after
Heap after GC invocations=43 (full 5):
 PSYoungGen      total 384512K, used 28751K [0x00000000e0000000, 0x00000000ffe80000, 0x0000000100000000)
  eden space 242176K, 0% used [0x00000000e0000000,0x00000000e0000000,0x00000000eec80000)
  from space 142336K, 20% used [0x00000000f7380000,0x00000000f8f93ca0,0x00000000ffe80000)
  to   space 138240K, 0% used [0x00000000eec80000,0x00000000eec80000,0x00000000f7380000)
 ParOldGen       total 474112K, used 472235K [0x00000000a0000000, 0x00000000bcf00000, 0x00000000e0000000)
  object space 474112K, 99% used [0x00000000a0000000,0x00000000bcd2ac50,0x00000000bcf00000)
 Metaspace       used 83408K, capacity 88344K, committed 89344K, reserved 1126400K
  class space    used 10632K, capacity 11559K, committed 11776K, reserved 1048576K
}
Event: 9337,315 GC heap before
{Heap before GC invocations=44 (full 6):
 PSYoungGen      total 384512K, used 28751K [0x00000000e0000000, 0x00000000ffe80000, 0x0000000100000000)
  eden space 242176K, 0% used [0x00000000e0000000,0x00000000e0000000,0x00000000eec80000)
  from space 142336K, 20% used [0x00000000f7380000,0x00000000f8f93ca0,0x00000000ffe80000)
  to   space 138240K, 0% used [0x00000000eec80000,0x00000000eec80000,0x00000000f7380000)
 ParOldGen       total 474112K, used 472235K [0x00000000a0000000, 0x00000000bcf00000, 0x00000000e0000000)
  object space 474112K, 99% used [0x00000000a0000000,0x00000000bcd2ac50,0x00000000bcf00000)
 Metaspace       used 83408K, capacity 88344K, committed 89344K, reserved 1126400K
  class space    used 10632K, capacity 11559K, committed 11776K, reserved 1048576K

