# JRE version: Java(TM) SE Runtime Environment (8.0_101-b13) (build 1.8.0_101-b13)
# Java VM: Java HotSpot(TM) 64-Bit Server VM (25.101-b13 mixed mode linux-amd64 compressed oops)
Heap:
 PSYoungGen      total 363008K, used 0K [0x00000000e0000000, 0x0000000100000000, 0x0000000100000000)
  eden space 201728K, 0% used [0x00000000e0000000,0x00000000e0000000,0x00000000ec500000)
  from space 161280K, 0% used [0x00000000ec500000,0x00000000ec500000,0x00000000f6280000)
  to   space 160256K, 0% used [0x00000000f6380000,0x00000000f6380000,0x0000000100000000)
 ParOldGen       total 576000K, used 531116K [0x00000000a0000000, 0x00000000c3280000, 0x00000000e0000000)
  object space 576000K, 92% used [0x00000000a0000000,0x00000000c06ab0b8,0x00000000c3280000)
 Metaspace       used 89629K, capacity 96008K, committed 96216K, reserved 1132544K
  class space    used 11529K, capacity 12702K, committed 12800K, reserved 1048576K
GC Heap History (10 events):
Event: 2166,971 GC heap after
Heap after GC invocations=30 (full 5):
 PSYoungGen      total 410624K, used 95881K [0x00000000e0000000, 0x0000000100000000, 0x0000000100000000)
  eden space 314368K, 0% used [0x00000000e0000000,0x00000000e0000000,0x00000000f3300000)
  from space 96256K, 99% used [0x00000000f3300000,0x00000000f90a2420,0x00000000f9100000)
  to   space 113664K, 0% used [0x00000000f9100000,0x00000000f9100000,0x0000000100000000)
 ParOldGen       total 576000K, used 376433K [0x00000000a0000000, 0x00000000c3280000, 0x00000000e0000000)
  object space 576000K, 65% used [0x00000000a0000000,0x00000000b6f9c508,0x00000000c3280000)
 Metaspace       used 87756K, capacity 93864K, committed 94168K, reserved 1130496K
  class space    used 11314K, capacity 12462K, committed 12544K, reserved 1048576K
}
Event: 2235,308 GC heap before
{Heap before GC invocations=31 (full 5):
 PSYoungGen      total 410624K, used 410249K [0x00000000e0000000, 0x0000000100000000, 0x0000000100000000)
  eden space 314368K, 100% used [0x00000000e0000000,0x00000000f3300000,0x00000000f3300000)
  from space 96256K, 99% used [0x00000000f3300000,0x00000000f90a2420,0x00000000f9100000)
  to   space 113664K, 0% used [0x00000000f9100000,0x00000000f9100000,0x0000000100000000)
 ParOldGen       total 576000K, used 376433K [0x00000000a0000000, 0x00000000c3280000, 0x00000000e0000000)
  object space 576000K, 65% used [0x00000000a0000000,0x00000000b6f9c508,0x00000000c3280000)
 Metaspace       used 87949K, capacity 94086K, committed 94168K, reserved 1130496K
  class space    used 11330K, capacity 12481K, committed 12544K, reserved 1048576K
Event: 2235,387 GC heap after
Heap after GC invocations=31 (full 5):
 PSYoungGen      total 372736K, used 101222K [0x00000000e0000000, 0x0000000100000000, 0x0000000100000000)
  eden space 259072K, 0% used [0x00000000e0000000,0x00000000e0000000,0x00000000efd00000)
  from space 113664K, 89% used [0x00000000f9100000,0x00000000ff3d9978,0x0000000100000000)
  to   space 132608K, 0% used [0x00000000efd00000,0x00000000efd00000,0x00000000f7e80000)
 ParOldGen       total 576000K, used 376441K [0x00000000a0000000, 0x00000000c3280000, 0x00000000e0000000)
  object space 576000K, 65% used [0x00000000a0000000,0x00000000b6f9e508,0x00000000c3280000)
 Metaspace       used 87949K, capacity 94086K, committed 94168K, reserved 1130496K
  class space    used 11330K, capacity 12481K, committed 12544K, reserved 1048576K
}
Event: 2237,155 GC heap before
{Heap before GC invocations=32 (full 5):
 PSYoungGen      total 372736K, used 360294K [0x00000000e0000000, 0x0000000100000000, 0x0000000100000000)
  eden space 259072K, 100% used [0x00000000e0000000,0x00000000efd00000,0x00000000efd00000)
  from space 113664K, 89% used [0x00000000f9100000,0x00000000ff3d9978,0x0000000100000000)
  to   space 132608K, 0% used [0x00000000efd00000,0x00000000efd00000,0x00000000f7e80000)
 ParOldGen       total 576000K, used 376441K [0x00000000a0000000, 0x00000000c3280000, 0x00000000e0000000)
  object space 576000K, 65% used [0x00000000a0000000,0x00000000b6f9e508,0x00000000c3280000)
 Metaspace       used 89475K, capacity 95722K, committed 95960K, reserved 1132544K
  class space    used 11515K, capacity 12683K, committed 12800K, reserved 1048576K
Event: 2237,317 GC heap after
Heap after GC invocations=32 (full 5):
 PSYoungGen      total 391680K, used 132581K [0x00000000e0000000, 0x0000000100000000, 0x0000000100000000)
  eden space 259072K, 0% used [0x00000000e0000000,0x00000000e0000000,0x00000000efd00000)
  from space 132608K, 99% used [0x00000000efd00000,0x00000000f7e79658,0x00000000f7e80000)
  to   space 132608K, 0% used [0x00000000f7e80000,0x00000000f7e80000,0x0000000100000000)
 ParOldGen       total 576000K, used 420240K [0x00000000a0000000, 0x00000000c3280000, 0x00000000e0000000)
  object space 576000K, 72% used [0x00000000a0000000,0x00000000b9a641f8,0x00000000c3280000)
 Metaspace       used 89475K, capacity 95722K, committed 95960K, reserved 1132544K
  class space    used 11515K, capacity 12683K, committed 12800K, reserved 1048576K
}
Event: 2243,094 GC heap before
{Heap before GC invocations=33 (full 5):
 PSYoungGen      total 391680K, used 388943K [0x00000000e0000000, 0x0000000100000000, 0x0000000100000000)
  eden space 259072K, 98% used [0x00000000e0000000,0x00000000efa5a940,0x00000000efd00000)
  from space 132608K, 99% used [0x00000000efd00000,0x00000000f7e79658,0x00000000f7e80000)
  to   space 132608K, 0% used [0x00000000f7e80000,0x00000000f7e80000,0x0000000100000000)
 ParOldGen       total 576000K, used 420240K [0x00000000a0000000, 0x00000000c3280000, 0x00000000e0000000)
  object space 576000K, 72% used [0x00000000a0000000,0x00000000b9a641f8,0x00000000c3280000)
 Metaspace       used 89554K, capacity 95792K, committed 95960K, reserved 1132544K
  class space    used 11521K, capacity 12694K, committed 12800K, reserved 1048576K
Event: 2243,231 GC heap after
Heap after GC invocations=33 (full 5):
 PSYoungGen      total 334336K, used 67967K [0x00000000e0000000, 0x0000000100000000, 0x0000000100000000)
  eden space 201728K, 0% used [0x00000000e0000000,0x00000000e0000000,0x00000000ec500000)
  from space 132608K, 51% used [0x00000000f7e80000,0x00000000fc0dfc18,0x0000000100000000)
  to   space 161280K, 0% used [0x00000000ec500000,0x00000000ec500000,0x00000000f6280000)
 ParOldGen       total 576000K, used 482764K [0x00000000a0000000, 0x00000000c3280000, 0x00000000e0000000)
  object space 576000K, 83% used [0x00000000a0000000,0x00000000bd773358,0x00000000c3280000)
 Metaspace       used 89554K, capacity 95792K, committed 95960K, reserved 1132544K
  class space    used 11521K, capacity 12694K, committed 12800K, reserved 1048576K
}
Event: 2318,813 GC heap before
{Heap before GC invocations=34 (full 5):
 PSYoungGen      total 334336K, used 269695K [0x00000000e0000000, 0x0000000100000000, 0x0000000100000000)
  eden space 201728K, 100% used [0x00000000e0000000,0x00000000ec500000,0x00000000ec500000)
  from space 132608K, 51% used [0x00000000f7e80000,0x00000000fc0dfc18,0x0000000100000000)
  to   space 161280K, 0% used [0x00000000ec500000,0x00000000ec500000,0x00000000f6280000)
 ParOldGen       total 576000K, used 482764K [0x00000000a0000000, 0x00000000c3280000, 0x00000000e0000000)
  object space 576000K, 83% used [0x00000000a0000000,0x00000000bd773358,0x00000000c3280000)
 Metaspace       used 89629K, capacity 96008K, committed 96216K, reserved 1132544K
  class space    used 11529K, capacity 12702K, committed 12800K, reserved 1048576K
Event: 2319,034 GC heap after
Heap after GC invocations=34 (full 5):
 PSYoungGen      total 363008K, used 15300K [0x00000000e0000000, 0x0000000100000000, 0x0000000100000000)
  eden space 201728K, 0% used [0x00000000e0000000,0x00000000e0000000,0x00000000ec500000)
  from space 161280K, 9% used [0x00000000ec500000,0x00000000ed3f1010,0x00000000f6280000)
  to   space 160256K, 0% used [0x00000000f6380000,0x00000000f6380000,0x0000000100000000)
 ParOldGen       total 576000K, used 540436K [0x00000000a0000000, 0x00000000c3280000, 0x00000000e0000000)
  object space 576000K, 93% used [0x00000000a0000000,0x00000000c0fc5138,0x00000000c3280000)
 Metaspace       used 89629K, capacity 96008K, committed 96216K, reserved 1132544K
  class space    used 11529K, capacity 12702K, committed 12800K, reserved 1048576K
}
Event: 2319,034 GC heap before
{Heap before GC invocations=35 (full 6):
 PSYoungGen      total 363008K, used 15300K [0x00000000e0000000, 0x0000000100000000, 0x0000000100000000)
  eden space 201728K, 0% used [0x00000000e0000000,0x00000000e0000000,0x00000000ec500000)
  from space 161280K, 9% used [0x00000000ec500000,0x00000000ed3f1010,0x00000000f6280000)
  to   space 160256K, 0% used [0x00000000f6380000,0x00000000f6380000,0x0000000100000000)
 ParOldGen       total 576000K, used 540436K [0x00000000a0000000, 0x00000000c3280000, 0x00000000e0000000)
  object space 576000K, 93% used [0x00000000a0000000,0x00000000c0fc5138,0x00000000c3280000)
 Metaspace       used 89629K, capacity 96008K, committed 96216K, reserved 1132544K
  class space    used 11529K, capacity 12702K, committed 12800K, reserved 1048576K

