# JRE version: Java(TM) SE Runtime Environment (8.0_101-b13) (build 1.8.0_101-b13)
# Java VM: Java HotSpot(TM) 64-Bit Server VM (25.101-b13 mixed mode linux-amd64 compressed oops)
Heap:
 PSYoungGen      total 378368K, used 0K [0x00000000e0000000, 0x0000000100000000, 0x0000000100000000)
  eden space 243200K, 0% used [0x00000000e0000000,0x00000000e0000000,0x00000000eed80000)
  from space 135168K, 0% used [0x00000000f6a80000,0x00000000f6a80000,0x00000000fee80000)
  to   space 128000K, 0% used [0x00000000eed80000,0x00000000eed80000,0x00000000f6a80000)
 ParOldGen       total 615424K, used 589670K [0x00000000a0000000, 0x00000000c5900000, 0x00000000e0000000)
  object space 615424K, 95% used [0x00000000a0000000,0x00000000c3fd99a8,0x00000000c5900000)
 Metaspace       used 84259K, capacity 89696K, committed 89816K, reserved 1128448K
  class space    used 10747K, capacity 11704K, committed 11776K, reserved 1048576K
GC Heap History (10 events):
Event: 5875,671 GC heap after
Heap after GC invocations=33 (full 5):
 PSYoungGen      total 375296K, used 69059K [0x00000000e0000000, 0x0000000100000000, 0x0000000100000000)
  eden space 224256K, 0% used [0x00000000e0000000,0x00000000e0000000,0x00000000edb00000)
  from space 151040K, 45% used [0x00000000f6900000,0x00000000fac70d90,0x00000000ffc80000)
  to   space 145408K, 0% used [0x00000000edb00000,0x00000000edb00000,0x00000000f6900000)
 ParOldGen       total 615424K, used 435043K [0x00000000a0000000, 0x00000000c5900000, 0x00000000e0000000)
  object space 615424K, 70% used [0x00000000a0000000,0x00000000ba8d8ed8,0x00000000c5900000)
 Metaspace       used 82496K, capacity 87810K, committed 88024K, reserved 1126400K
  class space    used 10545K, capacity 11479K, committed 11520K, reserved 1048576K
}
Event: 5900,648 GC heap before
{Heap before GC invocations=34 (full 5):
 PSYoungGen      total 375296K, used 293315K [0x00000000e0000000, 0x0000000100000000, 0x0000000100000000)
  eden space 224256K, 100% used [0x00000000e0000000,0x00000000edb00000,0x00000000edb00000)
  from space 151040K, 45% used [0x00000000f6900000,0x00000000fac70d90,0x00000000ffc80000)
  to   space 145408K, 0% used [0x00000000edb00000,0x00000000edb00000,0x00000000f6900000)
 ParOldGen       total 615424K, used 435043K [0x00000000a0000000, 0x00000000c5900000, 0x00000000e0000000)
  object space 615424K, 70% used [0x00000000a0000000,0x00000000ba8d8ed8,0x00000000c5900000)
 Metaspace       used 82571K, capacity 87886K, committed 88024K, reserved 1126400K
  class space    used 10552K, capacity 11491K, committed 11520K, reserved 1048576K
Event: 5900,775 GC heap after
Heap after GC invocations=34 (full 5):
 PSYoungGen      total 369664K, used 16521K [0x00000000e0000000, 0x00000000ff880000, 0x0000000100000000)
  eden space 224256K, 0% used [0x00000000e0000000,0x00000000e0000000,0x00000000edb00000)
  from space 145408K, 11% used [0x00000000edb00000,0x00000000eeb22410,0x00000000f6900000)
  to   space 144384K, 0% used [0x00000000f6b80000,0x00000000f6b80000,0x00000000ff880000)
 ParOldGen       total 615424K, used 500072K [0x00000000a0000000, 0x00000000c5900000, 0x00000000e0000000)
  object space 615424K, 81% used [0x00000000a0000000,0x00000000be85a260,0x00000000c5900000)
 Metaspace       used 82571K, capacity 87886K, committed 88024K, reserved 1126400K
  class space    used 10552K, capacity 11491K, committed 11520K, reserved 1048576K
}
Event: 6057,122 GC heap before
{Heap before GC invocations=35 (full 5):
 PSYoungGen      total 369664K, used 240777K [0x00000000e0000000, 0x00000000ff880000, 0x0000000100000000)
  eden space 224256K, 100% used [0x00000000e0000000,0x00000000edb00000,0x00000000edb00000)
  from space 145408K, 11% used [0x00000000edb00000,0x00000000eeb22410,0x00000000f6900000)
  to   space 144384K, 0% used [0x00000000f6b80000,0x00000000f6b80000,0x00000000ff880000)
 ParOldGen       total 615424K, used 500072K [0x00000000a0000000, 0x00000000c5900000, 0x00000000e0000000)
  object space 615424K, 81% used [0x00000000a0000000,0x00000000be85a260,0x00000000c5900000)
 Metaspace       used 82646K, capacity 88062K, committed 88280K, reserved 1126400K
  class space    used 10563K, capacity 11503K, committed 11520K, reserved 1048576K
Event: 6057,168 GC heap after
Heap after GC invocations=35 (full 5):
 PSYoungGen      total 372736K, used 7383K [0x00000000e0000000, 0x00000000ffe00000, 0x0000000100000000)
  eden space 228352K, 0% used [0x00000000e0000000,0x00000000e0000000,0x00000000edf00000)
  from space 144384K, 5% used [0x00000000f6b80000,0x00000000f72b5e58,0x00000000ff880000)
  to   space 143872K, 0% used [0x00000000edf00000,0x00000000edf00000,0x00000000f6b80000)
 ParOldGen       total 615424K, used 515186K [0x00000000a0000000, 0x00000000c5900000, 0x00000000e0000000)
  object space 615424K, 83% used [0x00000000a0000000,0x00000000bf71cbd0,0x00000000c5900000)
 Metaspace       used 82646K, capacity 88062K, committed 88280K, reserved 1126400K
  class space    used 10563K, capacity 11503K, committed 11520K, reserved 1048576K
}
Event: 6060,393 GC heap before
{Heap before GC invocations=36 (full 5):
 PSYoungGen      total 372736K, used 235735K [0x00000000e0000000, 0x00000000ffe00000, 0x0000000100000000)
  eden space 228352K, 100% used [0x00000000e0000000,0x00000000edf00000,0x00000000edf00000)
  from space 144384K, 5% used [0x00000000f6b80000,0x00000000f72b5e58,0x00000000ff880000)
  to   space 143872K, 0% used [0x00000000edf00000,0x00000000edf00000,0x00000000f6b80000)
 ParOldGen       total 615424K, used 515186K [0x00000000a0000000, 0x00000000c5900000, 0x00000000e0000000)
  object space 615424K, 83% used [0x00000000a0000000,0x00000000bf71cbd0,0x00000000c5900000)
 Metaspace       used 84215K, capacity 89696K, committed 89816K, reserved 1128448K
  class space    used 10747K, capacity 11704K, committed 11776K, reserved 1048576K
Event: 6060,441 GC heap after
Heap after GC invocations=36 (full 5):
 PSYoungGen      total 275968K, used 47165K [0x00000000e0000000, 0x00000000fee80000, 0x0000000100000000)
  eden space 228352K, 0% used [0x00000000e0000000,0x00000000e0000000,0x00000000edf00000)
  from space 47616K, 99% used [0x00000000edf00000,0x00000000f0d0f4b8,0x00000000f0d80000)
  to   space 135168K, 0% used [0x00000000f6a80000,0x00000000f6a80000,0x00000000fee80000)
 ParOldGen       total 615424K, used 517151K [0x00000000a0000000, 0x00000000c5900000, 0x00000000e0000000)
  object space 615424K, 84% used [0x00000000a0000000,0x00000000bf907cb0,0x00000000c5900000)
 Metaspace       used 84215K, capacity 89696K, committed 89816K, reserved 1128448K
  class space    used 10747K, capacity 11704K, committed 11776K, reserved 1048576K
}
Event: 6061,656 GC heap before
{Heap before GC invocations=37 (full 5):
 PSYoungGen      total 275968K, used 275517K [0x00000000e0000000, 0x00000000fee80000, 0x0000000100000000)
  eden space 228352K, 100% used [0x00000000e0000000,0x00000000edf00000,0x00000000edf00000)
  from space 47616K, 99% used [0x00000000edf00000,0x00000000f0d0f4b8,0x00000000f0d80000)
  to   space 135168K, 0% used [0x00000000f6a80000,0x00000000f6a80000,0x00000000fee80000)
 ParOldGen       total 615424K, used 517151K [0x00000000a0000000, 0x00000000c5900000, 0x00000000e0000000)
  object space 615424K, 84% used [0x00000000a0000000,0x00000000bf907cb0,0x00000000c5900000)
 Metaspace       used 84259K, capacity 89696K, committed 89816K, reserved 1128448K
  class space    used 10747K, capacity 11704K, committed 11776K, reserved 1048576K
Event: 6061,779 GC heap after
Heap after GC invocations=37 (full 5):
 PSYoungGen      total 378368K, used 53812K [0x00000000e0000000, 0x0000000100000000, 0x0000000100000000)
  eden space 243200K, 0% used [0x00000000e0000000,0x00000000e0000000,0x00000000eed80000)
  from space 135168K, 39% used [0x00000000f6a80000,0x00000000f9f0d098,0x00000000fee80000)
  to   space 128000K, 0% used [0x00000000eed80000,0x00000000eed80000,0x00000000f6a80000)
 ParOldGen       total 615424K, used 560091K [0x00000000a0000000, 0x00000000c5900000, 0x00000000e0000000)
  object space 615424K, 91% used [0x00000000a0000000,0x00000000c22f6c78,0x00000000c5900000)
 Metaspace       used 84259K, capacity 89696K, committed 89816K, reserved 1128448K
  class space    used 10747K, capacity 11704K, committed 11776K, reserved 1048576K
}
Event: 6061,779 GC heap before
{Heap before GC invocations=38 (full 6):
 PSYoungGen      total 378368K, used 53812K [0x00000000e0000000, 0x0000000100000000, 0x0000000100000000)
  eden space 243200K, 0% used [0x00000000e0000000,0x00000000e0000000,0x00000000eed80000)
  from space 135168K, 39% used [0x00000000f6a80000,0x00000000f9f0d098,0x00000000fee80000)
  to   space 128000K, 0% used [0x00000000eed80000,0x00000000eed80000,0x00000000f6a80000)
 ParOldGen       total 615424K, used 560091K [0x00000000a0000000, 0x00000000c5900000, 0x00000000e0000000)
  object space 615424K, 91% used [0x00000000a0000000,0x00000000c22f6c78,0x00000000c5900000)
 Metaspace       used 84259K, capacity 89696K, committed 89816K, reserved 1128448K
  class space    used 10747K, capacity 11704K, committed 11776K, reserved 1048576K

