# JRE version: Java(TM) SE Runtime Environment (8.0_101-b13) (build 1.8.0_101-b13)
# Java VM: Java HotSpot(TM) 64-Bit Server VM (25.101-b13 mixed mode linux-amd64 compressed oops)
Heap:
 PSYoungGen      total 67584K, used 5100K [0x000000076ab00000, 0x000000076f200000, 0x00000007c0000000)
  eden space 62464K, 0% used [0x000000076ab00000,0x000000076ab00000,0x000000076e800000)
  from space 5120K, 99% used [0x000000076e800000,0x000000076ecfb000,0x000000076ed00000)
  to   space 5120K, 0% used [0x000000076ed00000,0x000000076ed00000,0x000000076f200000)
 ParOldGen       total 83456K, used 40729K [0x00000006c0000000, 0x00000006c5180000, 0x000000076ab00000)
  object space 83456K, 48% used [0x00000006c0000000,0x00000006c27c64c8,0x00000006c5180000)
 Metaspace       used 4710K, capacity 5464K, committed 5760K, reserved 1056768K
  class space    used 496K, capacity 528K, committed 640K, reserved 1048576K
GC Heap History (5 events):
Event: 0,506 GC heap before
{Heap before GC invocations=1 (full 0):
 PSYoungGen      total 36352K, used 31232K [0x000000076ab00000, 0x000000076d380000, 0x00000007c0000000)
  eden space 31232K, 100% used [0x000000076ab00000,0x000000076c980000,0x000000076c980000)
  from space 5120K, 0% used [0x000000076ce80000,0x000000076ce80000,0x000000076d380000)
  to   space 5120K, 0% used [0x000000076c980000,0x000000076c980000,0x000000076ce80000)
 ParOldGen       total 83456K, used 0K [0x00000006c0000000, 0x00000006c5180000, 0x000000076ab00000)
  object space 83456K, 0% used [0x00000006c0000000,0x00000006c0000000,0x00000006c5180000)
 Metaspace       used 3797K, capacity 4944K, committed 5120K, reserved 1056768K
  class space    used 406K, capacity 456K, committed 512K, reserved 1048576K
Event: 0,532 GC heap after
Heap after GC invocations=1 (full 0):
 PSYoungGen      total 36352K, used 5101K [0x000000076ab00000, 0x000000076f200000, 0x00000007c0000000)
  eden space 31232K, 0% used [0x000000076ab00000,0x000000076ab00000,0x000000076c980000)
  from space 5120K, 99% used [0x000000076c980000,0x000000076ce7b5a8,0x000000076ce80000)
  to   space 5120K, 0% used [0x000000076ed00000,0x000000076ed00000,0x000000076f200000)
 ParOldGen       total 83456K, used 24794K [0x00000006c0000000, 0x00000006c5180000, 0x000000076ab00000)
  object space 83456K, 29% used [0x00000006c0000000,0x00000006c1836828,0x00000006c5180000)
 Metaspace       used 3797K, capacity 4944K, committed 5120K, reserved 1056768K
  class space    used 406K, capacity 456K, committed 512K, reserved 1048576K
}
Event: 0,805 GC heap before
{Heap before GC invocations=2 (full 0):
 PSYoungGen      total 36352K, used 36333K [0x000000076ab00000, 0x000000076f200000, 0x00000007c0000000)
  eden space 31232K, 100% used [0x000000076ab00000,0x000000076c980000,0x000000076c980000)
  from space 5120K, 99% used [0x000000076c980000,0x000000076ce7b5a8,0x000000076ce80000)
  to   space 5120K, 0% used [0x000000076ed00000,0x000000076ed00000,0x000000076f200000)
 ParOldGen       total 83456K, used 24794K [0x00000006c0000000, 0x00000006c5180000, 0x000000076ab00000)
  object space 83456K, 29% used [0x00000006c0000000,0x00000006c1836828,0x00000006c5180000)
 Metaspace       used 3979K, capacity 5072K, committed 5376K, reserved 1056768K
  class space    used 417K, capacity 456K, committed 512K, reserved 1048576K
Event: 0,812 GC heap after
Heap after GC invocations=2 (full 0):
 PSYoungGen      total 67584K, used 5115K [0x000000076ab00000, 0x000000076f200000, 0x00000007c0000000)
  eden space 62464K, 0% used [0x000000076ab00000,0x000000076ab00000,0x000000076e800000)
  from space 5120K, 99% used [0x000000076ed00000,0x000000076f1fec80,0x000000076f200000)
  to   space 5120K, 0% used [0x000000076e800000,0x000000076e800000,0x000000076ed00000)
 ParOldGen       total 83456K, used 26331K [0x00000006c0000000, 0x00000006c5180000, 0x000000076ab00000)
  object space 83456K, 31% used [0x00000006c0000000,0x00000006c19b6c58,0x00000006c5180000)
 Metaspace       used 3979K, capacity 5072K, committed 5376K, reserved 1056768K
  class space    used 417K, capacity 456K, committed 512K, reserved 1048576K
}
Event: 3,353 GC heap before
{Heap before GC invocations=3 (full 0):
 PSYoungGen      total 67584K, used 67579K [0x000000076ab00000, 0x000000076f200000, 0x00000007c0000000)
  eden space 62464K, 100% used [0x000000076ab00000,0x000000076e800000,0x000000076e800000)
  from space 5120K, 99% used [0x000000076ed00000,0x000000076f1fec80,0x000000076f200000)
  to   space 5120K, 0% used [0x000000076e800000,0x000000076e800000,0x000000076ed00000)
 ParOldGen       total 83456K, used 26331K [0x00000006c0000000, 0x00000006c5180000, 0x000000076ab00000)
  object space 83456K, 31% used [0x00000006c0000000,0x00000006c19b6c58,0x00000006c5180000)
 Metaspace       used 4710K, capacity 5464K, committed 5760K, reserved 1056768K
  class space    used 496K, capacity 528K, committed 640K, reserved 1048576K

