# JRE version: Java(TM) SE Runtime Environment (8.0_101-b13) (build 1.8.0_101-b13)
# Java VM: Java HotSpot(TM) 64-Bit Server VM (25.101-b13 mixed mode linux-amd64 compressed oops)
Heap:
 PSYoungGen      total 67584K, used 5093K [0x000000076ab00000, 0x000000076f200000, 0x00000007c0000000)
  eden space 62464K, 0% used [0x000000076ab00000,0x000000076ab00000,0x000000076e800000)
  from space 5120K, 99% used [0x000000076e800000,0x000000076ecf96e0,0x000000076ed00000)
  to   space 5120K, 0% used [0x000000076ed00000,0x000000076ed00000,0x000000076f200000)
 ParOldGen       total 83456K, used 27101K [0x00000006c0000000, 0x00000006c5180000, 0x000000076ab00000)
  object space 83456K, 32% used [0x00000006c0000000,0x00000006c1a774a0,0x00000006c5180000)
 Metaspace       used 4706K, capacity 5464K, committed 5760K, reserved 1056768K
  class space    used 497K, capacity 528K, committed 640K, reserved 1048576K
GC Heap History (9 events):
Event: 0,895 GC heap before
{Heap before GC invocations=1 (full 0):
 PSYoungGen      total 36352K, used 24653K [0x000000076ab00000, 0x000000076d380000, 0x00000007c0000000)
  eden space 31232K, 78% used [0x000000076ab00000,0x000000076c313460,0x000000076c980000)
  from space 5120K, 0% used [0x000000076ce80000,0x000000076ce80000,0x000000076d380000)
  to   space 5120K, 0% used [0x000000076c980000,0x000000076c980000,0x000000076ce80000)
 ParOldGen       total 83456K, used 0K [0x00000006c0000000, 0x00000006c5180000, 0x000000076ab00000)
  object space 83456K, 0% used [0x00000006c0000000,0x00000006c0000000,0x00000006c5180000)
 Metaspace       used 3692K, capacity 4880K, committed 5120K, reserved 1056768K
  class space    used 395K, capacity 456K, committed 512K, reserved 1048576K
Event: 0,903 GC heap after
Heap after GC invocations=1 (full 0):
 PSYoungGen      total 36352K, used 5110K [0x000000076ab00000, 0x000000076d380000, 0x00000007c0000000)
  eden space 31232K, 0% used [0x000000076ab00000,0x000000076ab00000,0x000000076c980000)
  from space 5120K, 99% used [0x000000076c980000,0x000000076ce7dbd0,0x000000076ce80000)
  to   space 5120K, 0% used [0x000000076ce80000,0x000000076ce80000,0x000000076d380000)
 ParOldGen       total 83456K, used 2766K [0x00000006c0000000, 0x00000006c5180000, 0x000000076ab00000)
  object space 83456K, 3% used [0x00000006c0000000,0x00000006c02b3910,0x00000006c5180000)
 Metaspace       used 3692K, capacity 4880K, committed 5120K, reserved 1056768K
  class space    used 395K, capacity 456K, committed 512K, reserved 1048576K
}
Event: 1,149 GC heap before
{Heap before GC invocations=2 (full 0):
 PSYoungGen      total 36352K, used 36342K [0x000000076ab00000, 0x000000076d380000, 0x00000007c0000000)
  eden space 31232K, 100% used [0x000000076ab00000,0x000000076c980000,0x000000076c980000)
  from space 5120K, 99% used [0x000000076c980000,0x000000076ce7dbd0,0x000000076ce80000)
  to   space 5120K, 0% used [0x000000076ce80000,0x000000076ce80000,0x000000076d380000)
 ParOldGen       total 83456K, used 2766K [0x00000006c0000000, 0x00000006c5180000, 0x000000076ab00000)
  object space 83456K, 3% used [0x00000006c0000000,0x00000006c02b3910,0x00000006c5180000)
 Metaspace       used 3882K, capacity 5008K, committed 5120K, reserved 1056768K
  class space    used 411K, capacity 456K, committed 512K, reserved 1048576K
Event: 1,162 GC heap after
Heap after GC invocations=2 (full 0):
 PSYoungGen      total 36352K, used 5119K [0x000000076ab00000, 0x000000076f200000, 0x00000007c0000000)
  eden space 31232K, 0% used [0x000000076ab00000,0x000000076ab00000,0x000000076c980000)
  from space 5120K, 99% used [0x000000076ce80000,0x000000076d37ff88,0x000000076d380000)
  to   space 5120K, 0% used [0x000000076c980000,0x000000076c980000,0x000000076ce80000)
 ParOldGen       total 83456K, used 17872K [0x00000006c0000000, 0x00000006c5180000, 0x000000076ab00000)
  object space 83456K, 21% used [0x00000006c0000000,0x00000006c11742d8,0x00000006c5180000)
 Metaspace       used 3882K, capacity 5008K, committed 5120K, reserved 1056768K
  class space    used 411K, capacity 456K, committed 512K, reserved 1048576K
}
Event: 1,433 GC heap before
{Heap before GC invocations=3 (full 0):
 PSYoungGen      total 36352K, used 36351K [0x000000076ab00000, 0x000000076f200000, 0x00000007c0000000)
  eden space 31232K, 100% used [0x000000076ab00000,0x000000076c980000,0x000000076c980000)
  from space 5120K, 99% used [0x000000076ce80000,0x000000076d37ff88,0x000000076d380000)
  to   space 5120K, 0% used [0x000000076c980000,0x000000076c980000,0x000000076ce80000)
 ParOldGen       total 83456K, used 17872K [0x00000006c0000000, 0x00000006c5180000, 0x000000076ab00000)
  object space 83456K, 21% used [0x00000006c0000000,0x00000006c11742d8,0x00000006c5180000)
 Metaspace       used 4345K, capacity 5424K, committed 5632K, reserved 1056768K
  class space    used 460K, capacity 488K, committed 512K, reserved 1048576K
Event: 1,439 GC heap after
Heap after GC invocations=3 (full 0):
 PSYoungGen      total 36352K, used 5105K [0x000000076ab00000, 0x000000076f200000, 0x00000007c0000000)
  eden space 31232K, 0% used [0x000000076ab00000,0x000000076ab00000,0x000000076c980000)
  from space 5120K, 99% used [0x000000076c980000,0x000000076ce7c7e8,0x000000076ce80000)
  to   space 5120K, 0% used [0x000000076ed00000,0x000000076ed00000,0x000000076f200000)
 ParOldGen       total 83456K, used 19091K [0x00000006c0000000, 0x00000006c5180000, 0x000000076ab00000)
  object space 83456K, 22% used [0x00000006c0000000,0x00000006c12a4e58,0x00000006c5180000)
 Metaspace       used 4345K, capacity 5424K, committed 5632K, reserved 1056768K
  class space    used 460K, capacity 488K, committed 512K, reserved 1048576K
}
Event: 1,569 GC heap before
{Heap before GC invocations=4 (full 0):
 PSYoungGen      total 36352K, used 36337K [0x000000076ab00000, 0x000000076f200000, 0x00000007c0000000)
  eden space 31232K, 100% used [0x000000076ab00000,0x000000076c980000,0x000000076c980000)
  from space 5120K, 99% used [0x000000076c980000,0x000000076ce7c7e8,0x000000076ce80000)
  to   space 5120K, 0% used [0x000000076ed00000,0x000000076ed00000,0x000000076f200000)
 ParOldGen       total 83456K, used 19091K [0x00000006c0000000, 0x00000006c5180000, 0x000000076ab00000)
  object space 83456K, 22% used [0x00000006c0000000,0x00000006c12a4e58,0x00000006c5180000)
 Metaspace       used 4372K, capacity 5424K, committed 5632K, reserved 1056768K
  class space    used 460K, capacity 488K, committed 512K, reserved 1048576K
Event: 1,576 GC heap after
Heap after GC invocations=4 (full 0):
 PSYoungGen      total 67584K, used 5103K [0x000000076ab00000, 0x000000076f200000, 0x00000007c0000000)
  eden space 62464K, 0% used [0x000000076ab00000,0x000000076ab00000,0x000000076e800000)
  from space 5120K, 99% used [0x000000076ed00000,0x000000076f1fbee0,0x000000076f200000)
  to   space 5120K, 0% used [0x000000076e800000,0x000000076e800000,0x000000076ed00000)
 ParOldGen       total 83456K, used 21316K [0x00000006c0000000, 0x00000006c5180000, 0x000000076ab00000)
  object space 83456K, 25% used [0x00000006c0000000,0x00000006c14d11c0,0x00000006c5180000)
 Metaspace       used 4372K, capacity 5424K, committed 5632K, reserved 1056768K
  class space    used 460K, capacity 488K, committed 512K, reserved 1048576K
}
Event: 1,960 GC heap before
{Heap before GC invocations=5 (full 0):
 PSYoungGen      total 67584K, used 67567K [0x000000076ab00000, 0x000000076f200000, 0x00000007c0000000)
  eden space 62464K, 100% used [0x000000076ab00000,0x000000076e800000,0x000000076e800000)
  from space 5120K, 99% used [0x000000076ed00000,0x000000076f1fbee0,0x000000076f200000)
  to   space 5120K, 0% used [0x000000076e800000,0x000000076e800000,0x000000076ed00000)
 ParOldGen       total 83456K, used 21316K [0x00000006c0000000, 0x00000006c5180000, 0x000000076ab00000)
  object space 83456K, 25% used [0x00000006c0000000,0x00000006c14d11c0,0x00000006c5180000)
 Metaspace       used 4706K, capacity 5464K, committed 5760K, reserved 1056768K
  class space    used 497K, capacity 528K, committed 640K, reserved 1048576K

